<?xml version="1.0" encoding="UTF-8"?>
<!-- Generated by org.testng.reporters.JUnitReportReporter -->
<testsuite hostname="DESKTOP-2L7QON7" failures="0" tests="3" name="com.app.tests.AppTests" time="0.055" errors="0" timestamp="2023-12-09T22:40:18 IST" skipped="0">
  <testcase classname="com.app.tests.AppTests" name="verifyHomePage" time="0.012"/>
  <system-out/>
  <testcase classname="com.app.tests.AppTests" name="verifySignup" time="0.009"/>
  <system-out/>
  <testcase classname="com.app.tests.AppTests" name="verifyLogin" time="0.034"/>
  <system-out/>
</testsuite> <!-- com.app.tests.AppTests -->
