<?xml version="1.0" encoding="UTF-8"?>
<!-- Generated by org.testng.reporters.JUnitReportReporter -->
<testsuite hostname="DESKTOP-2L7QON7" failures="0" tests="2" name="com.testng.demo.TestNgDemo2" time="16.595" errors="0" timestamp="2023-12-03T22:04:10 IST" skipped="0">
  <testcase classname="com.testng.demo.TestNgDemo2" name="verifyAppLaunchInEdge2" time="8.142"/>
  <system-out/>
  <testcase classname="com.testng.demo.TestNgDemo2" name="verifyAppLaunchInChrome2" time="8.453"/>
  <system-out/>
</testsuite> <!-- com.testng.demo.TestNgDemo2 -->
