<?xml version="1.0" encoding="UTF-8"?>
<!-- Generated by org.testng.reporters.JUnitReportReporter -->
<testsuite hostname="DESKTOP-2L7QON7" failures="0" tests="2" name="com.testng.demo.TestNgDemo" time="25.133" errors="0" timestamp="2023-12-03T21:54:48 IST" skipped="0">
  <testcase classname="com.testng.demo.TestNgDemo" name="verifyAppLaunchInEdge" time="13.357"/>
  <system-out/>
  <testcase classname="com.testng.demo.TestNgDemo" name="verifyAppLaunchInChrome" time="11.776"/>
  <system-out/>
</testsuite> <!-- com.testng.demo.TestNgDemo -->
