<?xml version="1.0" encoding="UTF-8"?>
<!-- Generated by org.testng.reporters.JUnitReportReporter -->
<testsuite hostname="DESKTOP-2L7QON7" failures="0" tests="4" name="com.testng.demo.TestNgDemo6" time="51.360" errors="0" timestamp="2023-12-09T21:26:09 IST" skipped="0">
  <testcase classname="com.testng.demo.TestNgDemo6" name="launchSpeakLanguages" time="12.308"/>
  <system-out/>
  <testcase classname="com.testng.demo.TestNgDemo6" name="launchSpeakLanguages" time="15.013"/>
  <system-out/>
  <testcase classname="com.testng.demo.TestNgDemo6" name="launchSpeakLanguages" time="12.140"/>
  <system-out/>
  <testcase classname="com.testng.demo.TestNgDemo6" name="launchSpeakLanguages" time="11.899"/>
  <system-out/>
</testsuite> <!-- com.testng.demo.TestNgDemo6 -->
