<?xml version="1.0" encoding="UTF-8"?>
<!-- Generated by org.testng.reporters.JUnitReportReporter -->
<testsuite hostname="DESKTOP-2L7QON7" failures="0" tests="1" name="com.testng.demo.AllAnnotationsDemo2" time="0.002" errors="0" timestamp="2023-12-09T21:34:32 IST" skipped="0">
  <testcase classname="com.testng.demo.AllAnnotationsDemo2" name="testCase2" time="0.002"/>
  <system-out/>
</testsuite> <!-- com.testng.demo.AllAnnotationsDemo2 -->
