<?xml version="1.0" encoding="UTF-8"?>
<!-- Generated by org.testng.reporters.JUnitReportReporter -->
<testsuite hostname="DESKTOP-2L7QON7" failures="0" tests="1" name="com.testng.demo.TestNgDemo1" time="15.722" errors="0" timestamp="2023-12-09T20:19:41 IST" skipped="0">
  <testcase classname="com.testng.demo.TestNgDemo1" name="verifyAppLaunchInEdge1" time="15.722"/>
  <system-out/>
</testsuite> <!-- com.testng.demo.TestNgDemo1 -->
