<?xml version="1.0" encoding="UTF-8"?>
<!-- Generated by org.testng.reporters.JUnitReportReporter -->
<testsuite hostname="DESKTOP-2L7QON7" failures="0" tests="1" name="com.testng.demo.TestNgDemo5" time="11.130" errors="0" timestamp="2023-12-09T21:12:59 IST" skipped="0">
  <testcase classname="com.testng.demo.TestNgDemo5" name="launchSpeakLanguages" time="11.130"/>
  <system-out/>
</testsuite> <!-- com.testng.demo.TestNgDemo5 -->
