<?xml version="1.0" encoding="UTF-8"?>
<!-- Generated by org.testng.reporters.JUnitReportReporter -->
<testsuite hostname="DESKTOP-2L7QON7" failures="0" tests="1" name="com.testng.demo.TestNgDemo4" time="5.517" errors="0" timestamp="2023-12-09T20:19:41 IST" skipped="0">
  <testcase classname="com.testng.demo.TestNgDemo4" name="launchSpeakLanguages" time="5.517"/>
  <system-out/>
</testsuite> <!-- com.testng.demo.TestNgDemo4 -->
